{"contracts\\EmotionDataStorage.sol":{"l":{"88":0,"89":0,"93":0,"94":0,"98":0,"99":0,"100":0,"107":0,"108":0,"135":0,"137":0,"149":0,"150":0,"153":0,"155":0,"167":0,"168":0,"170":0,"171":0,"172":0,"175":0,"177":0,"191":0,"193":0,"194":0,"195":0,"196":0,"197":0,"200":0,"204":0,"218":0,"220":0,"223":0,"228":0,"232":0,"234":0,"243":0,"244":0,"253":0,"272":0,"273":0,"289":0,"298":0,"306":0,"307":0,"308":0,"310":0,"324":0,"336":0,"343":0,"350":0,"357":0,"358":0,"359":0},"path":"E:\\next\\emotilink-os\\contracts\\EmotionDataStorage.sol","s":{"1":0,"2":0,"3":0,"4":0,"5":0,"6":0,"7":0,"8":0,"9":0,"10":0,"11":0,"12":0,"13":0,"14":0,"15":0,"16":0,"17":0,"18":0,"19":0,"20":0,"21":0,"22":0,"23":0,"24":0,"25":0,"26":0,"27":0,"28":0,"29":0,"30":0,"31":0,"32":0,"33":0},"b":{"1":[0,0],"2":[0,0],"3":[0,0],"4":[0,0],"5":[0,0],"6":[0,0],"7":[0,0],"8":[0,0],"9":[0,0],"10":[0,0],"11":[0,0],"12":[0,0],"13":[0,0],"14":[0,0]},"f":{"1":0,"2":0,"3":0,"4":0,"5":0,"6":0,"7":0,"8":0,"9":0,"10":0,"11":0,"12":0,"13":0,"14":0,"15":0,"16":0,"17":0,"18":0,"19":0},"fnMap":{"1":{"name":"onlyOracle","line":87,"loc":{"start":{"line":87,"column":4},"end":{"line":90,"column":4}}},"2":{"name":"onlyValidationContract","line":92,"loc":{"start":{"line":92,"column":4},"end":{"line":95,"column":4}}},"3":{"name":"constructor","line":97,"loc":{"start":{"line":97,"column":4},"end":{"line":101,"column":4}}},"4":{"name":"_initializeAnalytics","line":106,"loc":{"start":{"line":106,"column":4},"end":{"line":116,"column":4}}},"5":{"name":"storeValidatedData","line":134,"loc":{"start":{"line":127,"column":4},"end":{"line":156,"column":4}}},"6":{"name":"processData","line":166,"loc":{"start":{"line":163,"column":4},"end":{"line":178,"column":4}}},"7":{"name":"_updateUserProfile","line":186,"loc":{"start":{"line":186,"column":4},"end":{"line":205,"column":4}}},"8":{"name":"_updateEmotionAnalytics","line":213,"loc":{"start":{"line":213,"column":4},"end":{"line":235,"column":4}}},"9":{"name":"getStoredData","line":242,"loc":{"start":{"line":242,"column":4},"end":{"line":245,"column":4}}},"10":{"name":"getUserDataIds","line":252,"loc":{"start":{"line":252,"column":4},"end":{"line":254,"column":4}}},"11":{"name":"getUserProfile","line":265,"loc":{"start":{"line":265,"column":4},"end":{"line":280,"column":4}}},"12":{"name":"getUserEmotionTypeCount","line":288,"loc":{"start":{"line":288,"column":4},"end":{"line":290,"column":4}}},"13":{"name":"getEmotionAnalytics","line":297,"loc":{"start":{"line":297,"column":4},"end":{"line":299,"column":4}}},"14":{"name":"getAllEmotionAnalytics","line":305,"loc":{"start":{"line":305,"column":4},"end":{"line":311,"column":4}}},"15":{"name":"getContractStats","line":319,"loc":{"start":{"line":319,"column":4},"end":{"line":329,"column":4}}},"16":{"name":"setProcessingFee","line":335,"loc":{"start":{"line":335,"column":4},"end":{"line":337,"column":4}}},"17":{"name":"pause","line":342,"loc":{"start":{"line":342,"column":4},"end":{"line":344,"column":4}}},"18":{"name":"unpause","line":349,"loc":{"start":{"line":349,"column":4},"end":{"line":351,"column":4}}},"19":{"name":"withdraw","line":356,"loc":{"start":{"line":356,"column":4},"end":{"line":360,"column":4}}}},"statementMap":{"1":{"start":{"line":88,"column":8},"end":{"line":88,"column":81}},"2":{"start":{"line":93,"column":8},"end":{"line":93,"column":99}},"3":{"start":{"line":100,"column":8},"end":{"line":100,"column":29}},"4":{"start":{"line":107,"column":8},"end":{"line":107,"column":3058}},"5":{"start":{"line":135,"column":8},"end":{"line":135,"column":43}},"6":{"start":{"line":149,"column":8},"end":{"line":149,"column":46}},"7":{"start":{"line":153,"column":8},"end":{"line":153,"column":63}},"8":{"start":{"line":155,"column":8},"end":{"line":155,"column":77}},"9":{"start":{"line":167,"column":8},"end":{"line":167,"column":82}},"10":{"start":{"line":168,"column":8},"end":{"line":168,"column":77}},"11":{"start":{"line":170,"column":8},"end":{"line":170,"column":63}},"12":{"start":{"line":175,"column":8},"end":{"line":175,"column":81}},"13":{"start":{"line":177,"column":8},"end":{"line":177,"column":73}},"14":{"start":{"line":191,"column":8},"end":{"line":191,"column":57}},"15":{"start":{"line":204,"column":8},"end":{"line":204,"column":111}},"16":{"start":{"line":218,"column":8},"end":{"line":218,"column":75}},"17":{"start":{"line":234,"column":8},"end":{"line":234,"column":110}},"18":{"start":{"line":243,"column":8},"end":{"line":243,"column":82}},"19":{"start":{"line":244,"column":8},"end":{"line":244,"column":37}},"20":{"start":{"line":253,"column":8},"end":{"line":253,"column":33}},"21":{"start":{"line":272,"column":8},"end":{"line":272,"column":57}},"22":{"start":{"line":273,"column":8},"end":{"line":273,"column":8966}},"23":{"start":{"line":289,"column":8},"end":{"line":289,"column":65}},"24":{"start":{"line":298,"column":8},"end":{"line":298,"column":45}},"25":{"start":{"line":306,"column":8},"end":{"line":306,"column":44}},"26":{"start":{"line":307,"column":8},"end":{"line":307,"column":10112}},"27":{"start":{"line":310,"column":8},"end":{"line":310,"column":24}},"28":{"start":{"line":324,"column":8},"end":{"line":324,"column":10616}},"29":{"start":{"line":343,"column":8},"end":{"line":343,"column":15}},"30":{"start":{"line":350,"column":8},"end":{"line":350,"column":17}},"31":{"start":{"line":357,"column":8},"end":{"line":357,"column":47}},"32":{"start":{"line":358,"column":8},"end":{"line":358,"column":53}},"33":{"start":{"line":359,"column":8},"end":{"line":359,"column":41}}},"branchMap":{"1":{"line":88,"type":"if","locations":[{"start":{"line":88,"column":8},"end":{"line":88,"column":8}},{"start":{"line":88,"column":8},"end":{"line":88,"column":8}}]},"2":{"line":93,"type":"if","locations":[{"start":{"line":93,"column":8},"end":{"line":93,"column":8}},{"start":{"line":93,"column":8},"end":{"line":93,"column":8}}]},"3":{"line":134,"type":"if","locations":[{"start":{"line":134,"column":15},"end":{"line":134,"column":15}},{"start":{"line":134,"column":15},"end":{"line":134,"column":15}}]},"4":{"line":134,"type":"if","locations":[{"start":{"line":134,"column":26},"end":{"line":134,"column":26}},{"start":{"line":134,"column":26},"end":{"line":134,"column":26}}]},"5":{"line":166,"type":"if","locations":[{"start":{"line":166,"column":15},"end":{"line":166,"column":15}},{"start":{"line":166,"column":15},"end":{"line":166,"column":15}}]},"6":{"line":166,"type":"if","locations":[{"start":{"line":166,"column":38},"end":{"line":166,"column":38}},{"start":{"line":166,"column":38},"end":{"line":166,"column":38}}]},"7":{"line":167,"type":"if","locations":[{"start":{"line":167,"column":8},"end":{"line":167,"column":8}},{"start":{"line":167,"column":8},"end":{"line":167,"column":8}}]},"8":{"line":168,"type":"if","locations":[{"start":{"line":168,"column":8},"end":{"line":168,"column":8}},{"start":{"line":168,"column":8},"end":{"line":168,"column":8}}]},"9":{"line":243,"type":"if","locations":[{"start":{"line":243,"column":8},"end":{"line":243,"column":8}},{"start":{"line":243,"column":8},"end":{"line":243,"column":8}}]},"10":{"line":335,"type":"if","locations":[{"start":{"line":335,"column":56},"end":{"line":335,"column":56}},{"start":{"line":335,"column":56},"end":{"line":335,"column":56}}]},"11":{"line":342,"type":"if","locations":[{"start":{"line":342,"column":30},"end":{"line":342,"column":30}},{"start":{"line":342,"column":30},"end":{"line":342,"column":30}}]},"12":{"line":349,"type":"if","locations":[{"start":{"line":349,"column":32},"end":{"line":349,"column":32}},{"start":{"line":349,"column":32},"end":{"line":349,"column":32}}]},"13":{"line":356,"type":"if","locations":[{"start":{"line":356,"column":33},"end":{"line":356,"column":33}},{"start":{"line":356,"column":33},"end":{"line":356,"column":33}}]},"14":{"line":358,"type":"if","locations":[{"start":{"line":358,"column":8},"end":{"line":358,"column":8}},{"start":{"line":358,"column":8},"end":{"line":358,"column":8}}]}}},"contracts\\EmotionOracle.sol":{"l":{"71":4,"72":3,"76":9,"77":8,"81":8,"82":7,"86":7,"87":6,"113":6,"115":6,"125":6,"127":6,"134":11,"135":10,"137":9,"146":9,"148":9,"157":3,"158":3,"160":2,"161":2,"164":2,"167":2,"168":2,"169":2,"172":0,"175":0,"178":2,"186":1,"187":1,"195":1,"196":1,"204":1,"205":1,"212":1,"219":1,"226":0,"227":0,"228":0,"242":1,"255":2,"256":2,"265":1},"path":"E:\\next\\emotilink-os\\contracts\\EmotionOracle.sol","s":{"1":4,"2":9,"3":8,"4":7,"5":6,"6":6,"7":6,"8":11,"9":10,"10":9,"11":9,"12":3,"13":3,"14":2,"15":2,"16":2,"17":1,"18":1,"19":1,"20":1,"21":1,"22":0,"23":0,"24":0,"25":1,"26":2,"27":2,"28":1},"b":{"1":[3,1],"2":[8,1],"3":[7,1],"4":[6,1],"5":[9,0],"6":[8,1],"7":[7,1],"8":[6,1],"9":[11,0],"10":[11,0],"11":[10,1],"12":[9,1],"13":[3,1],"14":[3,0],"15":[3,0],"16":[3,0],"17":[2,1],"18":[2,0],"19":[0,0],"20":[1,1],"21":[1,0],"22":[1,0],"23":[1,0],"24":[1,0],"25":[1,0],"26":[1,0],"27":[1,0],"28":[0,0],"29":[0,0],"30":[2,0]},"f":{"1":4,"2":9,"3":8,"4":7,"5":18,"6":6,"7":11,"8":3,"9":1,"10":1,"11":1,"12":1,"13":1,"14":0,"15":1,"16":2,"17":1},"fnMap":{"1":{"name":"onlyValidator","line":70,"loc":{"start":{"line":70,"column":4},"end":{"line":73,"column":4}}},"2":{"name":"validEmotionType","line":75,"loc":{"start":{"line":75,"column":4},"end":{"line":78,"column":4}}},"3":{"name":"validIntensity","line":80,"loc":{"start":{"line":80,"column":4},"end":{"line":83,"column":4}}},"4":{"name":"validConfidence","line":85,"loc":{"start":{"line":85,"column":4},"end":{"line":88,"column":4}}},"5":{"name":"constructor","line":90,"loc":{"start":{"line":90,"column":4},"end":{"line":92,"column":4}}},"6":{"name":"submitEmotionData","line":111,"loc":{"start":{"line":101,"column":4},"end":{"line":128,"column":4}}},"7":{"name":"registerValidator","line":133,"loc":{"start":{"line":133,"column":4},"end":{"line":149,"column":4}}},"8":{"name":"validateEmotionData","line":156,"loc":{"start":{"line":156,"column":4},"end":{"line":179,"column":4}}},"9":{"name":"setMinimumStake","line":185,"loc":{"start":{"line":185,"column":4},"end":{"line":188,"column":4}}},"10":{"name":"setValidationThreshold","line":194,"loc":{"start":{"line":194,"column":4},"end":{"line":197,"column":4}}},"11":{"name":"setValidationReward","line":203,"loc":{"start":{"line":203,"column":4},"end":{"line":206,"column":4}}},"12":{"name":"pause","line":211,"loc":{"start":{"line":211,"column":4},"end":{"line":213,"column":4}}},"13":{"name":"unpause","line":218,"loc":{"start":{"line":218,"column":4},"end":{"line":220,"column":4}}},"14":{"name":"withdraw","line":225,"loc":{"start":{"line":225,"column":4},"end":{"line":229,"column":4}}},"15":{"name":"getContractStats","line":237,"loc":{"start":{"line":237,"column":4},"end":{"line":247,"column":4}}},"16":{"name":"getEmotionData","line":254,"loc":{"start":{"line":254,"column":4},"end":{"line":257,"column":4}}},"17":{"name":"getValidator","line":264,"loc":{"start":{"line":264,"column":4},"end":{"line":266,"column":4}}}},"statementMap":{"1":{"start":{"line":71,"column":8},"end":{"line":71,"column":74}},"2":{"start":{"line":76,"column":8},"end":{"line":76,"column":78}},"3":{"start":{"line":81,"column":8},"end":{"line":81,"column":78}},"4":{"start":{"line":86,"column":8},"end":{"line":86,"column":82}},"5":{"start":{"line":113,"column":8},"end":{"line":113,"column":37}},"6":{"start":{"line":125,"column":8},"end":{"line":125,"column":47}},"7":{"start":{"line":127,"column":8},"end":{"line":127,"column":96}},"8":{"start":{"line":134,"column":8},"end":{"line":134,"column":83}},"9":{"start":{"line":135,"column":8},"end":{"line":135,"column":70}},"10":{"start":{"line":146,"column":8},"end":{"line":146,"column":40}},"11":{"start":{"line":148,"column":8},"end":{"line":148,"column":72}},"12":{"start":{"line":157,"column":8},"end":{"line":157,"column":55}},"13":{"start":{"line":158,"column":8},"end":{"line":158,"column":75}},"14":{"start":{"line":160,"column":8},"end":{"line":160,"column":5181}},"15":{"start":{"line":164,"column":12},"end":{"line":164,"column":57}},"16":{"start":{"line":178,"column":8},"end":{"line":178,"column":81}},"17":{"start":{"line":186,"column":8},"end":{"line":186,"column":76}},"18":{"start":{"line":195,"column":8},"end":{"line":195,"column":80}},"19":{"start":{"line":204,"column":8},"end":{"line":204,"column":74}},"20":{"start":{"line":212,"column":8},"end":{"line":212,"column":15}},"21":{"start":{"line":219,"column":8},"end":{"line":219,"column":17}},"22":{"start":{"line":226,"column":8},"end":{"line":226,"column":47}},"23":{"start":{"line":227,"column":8},"end":{"line":227,"column":53}},"24":{"start":{"line":228,"column":8},"end":{"line":228,"column":41}},"25":{"start":{"line":242,"column":8},"end":{"line":242,"column":8015}},"26":{"start":{"line":255,"column":8},"end":{"line":255,"column":55}},"27":{"start":{"line":256,"column":8},"end":{"line":256,"column":35}},"28":{"start":{"line":265,"column":8},"end":{"line":265,"column":37}}},"branchMap":{"1":{"line":71,"type":"if","locations":[{"start":{"line":71,"column":8},"end":{"line":71,"column":8}},{"start":{"line":71,"column":8},"end":{"line":71,"column":8}}]},"2":{"line":76,"type":"if","locations":[{"start":{"line":76,"column":8},"end":{"line":76,"column":8}},{"start":{"line":76,"column":8},"end":{"line":76,"column":8}}]},"3":{"line":81,"type":"if","locations":[{"start":{"line":81,"column":8},"end":{"line":81,"column":8}},{"start":{"line":81,"column":8},"end":{"line":81,"column":8}}]},"4":{"line":86,"type":"if","locations":[{"start":{"line":86,"column":8},"end":{"line":86,"column":8}},{"start":{"line":86,"column":8},"end":{"line":86,"column":8}}]},"5":{"line":108,"type":"if","locations":[{"start":{"line":108,"column":8},"end":{"line":108,"column":8}},{"start":{"line":108,"column":8},"end":{"line":108,"column":8}}]},"6":{"line":109,"type":"if","locations":[{"start":{"line":109,"column":8},"end":{"line":109,"column":8}},{"start":{"line":109,"column":8},"end":{"line":109,"column":8}}]},"7":{"line":110,"type":"if","locations":[{"start":{"line":110,"column":8},"end":{"line":110,"column":8}},{"start":{"line":110,"column":8},"end":{"line":110,"column":8}}]},"8":{"line":111,"type":"if","locations":[{"start":{"line":111,"column":8},"end":{"line":111,"column":8}},{"start":{"line":111,"column":8},"end":{"line":111,"column":8}}]},"9":{"line":133,"type":"if","locations":[{"start":{"line":133,"column":50},"end":{"line":133,"column":50}},{"start":{"line":133,"column":50},"end":{"line":133,"column":50}}]},"10":{"line":133,"type":"if","locations":[{"start":{"line":133,"column":64},"end":{"line":133,"column":64}},{"start":{"line":133,"column":64},"end":{"line":133,"column":64}}]},"11":{"line":134,"type":"if","locations":[{"start":{"line":134,"column":8},"end":{"line":134,"column":8}},{"start":{"line":134,"column":8},"end":{"line":134,"column":8}}]},"12":{"line":135,"type":"if","locations":[{"start":{"line":135,"column":8},"end":{"line":135,"column":8}},{"start":{"line":135,"column":8},"end":{"line":135,"column":8}}]},"13":{"line":156,"type":"if","locations":[{"start":{"line":156,"column":74},"end":{"line":156,"column":74}},{"start":{"line":156,"column":74},"end":{"line":156,"column":74}}]},"14":{"line":156,"type":"if","locations":[{"start":{"line":156,"column":88},"end":{"line":156,"column":88}},{"start":{"line":156,"column":88},"end":{"line":156,"column":88}}]},"15":{"line":156,"type":"if","locations":[{"start":{"line":156,"column":102},"end":{"line":156,"column":102}},{"start":{"line":156,"column":102},"end":{"line":156,"column":102}}]},"16":{"line":157,"type":"if","locations":[{"start":{"line":157,"column":8},"end":{"line":157,"column":8}},{"start":{"line":157,"column":8},"end":{"line":157,"column":8}}]},"17":{"line":158,"type":"if","locations":[{"start":{"line":158,"column":8},"end":{"line":158,"column":8}},{"start":{"line":158,"column":8},"end":{"line":158,"column":8}}]},"18":{"line":160,"type":"if","locations":[{"start":{"line":160,"column":8},"end":{"line":160,"column":8}},{"start":{"line":160,"column":8},"end":{"line":160,"column":8}}]},"19":{"line":173,"type":"if","locations":[{"start":{"line":173,"column":18},"end":{"line":173,"column":59}},{"start":{"line":174,"column":18},"end":{"line":174,"column":18}}]},"20":{"line":185,"type":"if","locations":[{"start":{"line":185,"column":64},"end":{"line":185,"column":64}},{"start":{"line":185,"column":64},"end":{"line":185,"column":64}}]},"21":{"line":186,"type":"if","locations":[{"start":{"line":186,"column":8},"end":{"line":186,"column":8}},{"start":{"line":186,"column":8},"end":{"line":186,"column":8}}]},"22":{"line":194,"type":"if","locations":[{"start":{"line":194,"column":68},"end":{"line":194,"column":68}},{"start":{"line":194,"column":68},"end":{"line":194,"column":68}}]},"23":{"line":195,"type":"if","locations":[{"start":{"line":195,"column":8},"end":{"line":195,"column":8}},{"start":{"line":195,"column":8},"end":{"line":195,"column":8}}]},"24":{"line":203,"type":"if","locations":[{"start":{"line":203,"column":62},"end":{"line":203,"column":62}},{"start":{"line":203,"column":62},"end":{"line":203,"column":62}}]},"25":{"line":204,"type":"if","locations":[{"start":{"line":204,"column":8},"end":{"line":204,"column":8}},{"start":{"line":204,"column":8},"end":{"line":204,"column":8}}]},"26":{"line":211,"type":"if","locations":[{"start":{"line":211,"column":30},"end":{"line":211,"column":30}},{"start":{"line":211,"column":30},"end":{"line":211,"column":30}}]},"27":{"line":218,"type":"if","locations":[{"start":{"line":218,"column":32},"end":{"line":218,"column":32}},{"start":{"line":218,"column":32},"end":{"line":218,"column":32}}]},"28":{"line":225,"type":"if","locations":[{"start":{"line":225,"column":33},"end":{"line":225,"column":33}},{"start":{"line":225,"column":33},"end":{"line":225,"column":33}}]},"29":{"line":227,"type":"if","locations":[{"start":{"line":227,"column":8},"end":{"line":227,"column":8}},{"start":{"line":227,"column":8},"end":{"line":227,"column":8}}]},"30":{"line":255,"type":"if","locations":[{"start":{"line":255,"column":8},"end":{"line":255,"column":8}},{"start":{"line":255,"column":8},"end":{"line":255,"column":8}}]}}},"contracts\\EmotionValidation.sol":{"l":{"83":0,"84":0,"88":0,"89":0,"93":0,"94":0,"102":0,"112":0,"122":0,"132":0,"142":0,"152":0,"177":0,"179":0,"180":0,"182":0,"183":0,"186":0,"187":0,"188":0,"192":0,"193":0,"194":0,"198":0,"199":0,"200":0,"204":0,"212":0,"214":0,"222":0,"223":0,"224":0,"226":0,"227":0,"228":0,"230":0,"234":0,"236":0,"245":0,"263":0,"264":0,"266":0,"275":0,"293":0,"295":0,"304":0,"313":0,"322":0,"323":0,"334":0,"342":0,"350":0,"358":0,"365":0,"372":0},"path":"E:\\next\\emotilink-os\\contracts\\EmotionValidation.sol","s":{"1":0,"2":0,"3":0,"4":0,"5":0,"6":0,"7":0,"8":0,"9":0,"10":0,"11":0,"12":0,"13":0,"14":0,"15":0,"16":0,"17":0,"18":0,"19":0,"20":0,"21":0,"22":0,"23":0,"24":0,"25":0,"26":0,"27":0,"28":0,"29":0,"30":0,"31":0,"32":0},"b":{"1":[0,0],"2":[0,0],"3":[0,0],"4":[0,0],"5":[0,0],"6":[0,0],"7":[0,0],"8":[0,0],"9":[0,0],"10":[0,0],"11":[0,0],"12":[0,0],"13":[0,0],"14":[0,0],"15":[0,0],"16":[0,0],"17":[0,0],"18":[0,0],"19":[0,0],"20":[0,0],"21":[0,0],"22":[0,0]},"f":{"1":0,"2":0,"3":0,"4":0,"5":0,"6":0,"7":0,"8":0,"9":0,"10":0,"11":0,"12":0,"13":0,"14":0,"15":0,"16":0,"17":0},"fnMap":{"1":{"name":"onlyOracle","line":82,"loc":{"start":{"line":82,"column":4},"end":{"line":85,"column":4}}},"2":{"name":"validEmotionType","line":87,"loc":{"start":{"line":87,"column":4},"end":{"line":90,"column":4}}},"3":{"name":"constructor","line":92,"loc":{"start":{"line":92,"column":4},"end":{"line":95,"column":4}}},"4":{"name":"_initializeDefaultRules","line":100,"loc":{"start":{"line":100,"column":4},"end":{"line":160,"column":4}}},"5":{"name":"validateData","line":176,"loc":{"start":{"line":170,"column":4},"end":{"line":215,"column":4}}},"6":{"name":"_updateDataIntegrity","line":221,"loc":{"start":{"line":221,"column":4},"end":{"line":246,"column":4}}},"7":{"name":"setValidationRule","line":262,"loc":{"start":{"line":256,"column":4},"end":{"line":282,"column":4}}},"8":{"name":"toggleValidationRule","line":292,"loc":{"start":{"line":289,"column":4},"end":{"line":296,"column":4}}},"9":{"name":"getValidationResults","line":303,"loc":{"start":{"line":303,"column":4},"end":{"line":305,"column":4}}},"10":{"name":"getDataIntegrity","line":312,"loc":{"start":{"line":312,"column":4},"end":{"line":314,"column":4}}},"11":{"name":"isDataValidated","line":321,"loc":{"start":{"line":321,"column":4},"end":{"line":326,"column":4}}},"12":{"name":"getValidationRule","line":333,"loc":{"start":{"line":333,"column":4},"end":{"line":335,"column":4}}},"13":{"name":"setMinimumValidations","line":341,"loc":{"start":{"line":341,"column":4},"end":{"line":343,"column":4}}},"14":{"name":"setValidationTimeWindow","line":349,"loc":{"start":{"line":349,"column":4},"end":{"line":351,"column":4}}},"15":{"name":"setMaxValidationAttempts","line":357,"loc":{"start":{"line":357,"column":4},"end":{"line":359,"column":4}}},"16":{"name":"pause","line":364,"loc":{"start":{"line":364,"column":4},"end":{"line":366,"column":4}}},"17":{"name":"unpause","line":371,"loc":{"start":{"line":371,"column":4},"end":{"line":373,"column":4}}}},"statementMap":{"1":{"start":{"line":83,"column":8},"end":{"line":83,"column":81}},"2":{"start":{"line":88,"column":8},"end":{"line":88,"column":78}},"3":{"start":{"line":94,"column":8},"end":{"line":94,"column":32}},"4":{"start":{"line":177,"column":8},"end":{"line":177,"column":78}},"5":{"start":{"line":179,"column":8},"end":{"line":179,"column":66}},"6":{"start":{"line":180,"column":8},"end":{"line":180,"column":59}},"7":{"start":{"line":182,"column":8},"end":{"line":182,"column":27}},"8":{"start":{"line":183,"column":8},"end":{"line":183,"column":33}},"9":{"start":{"line":186,"column":8},"end":{"line":186,"column":5400}},"10":{"start":{"line":192,"column":8},"end":{"line":192,"column":5625}},"11":{"start":{"line":198,"column":8},"end":{"line":198,"column":5843}},"12":{"start":{"line":204,"column":8},"end":{"line":204,"column":6046}},"13":{"start":{"line":212,"column":8},"end":{"line":212,"column":36}},"14":{"start":{"line":214,"column":8},"end":{"line":214,"column":81}},"15":{"start":{"line":222,"column":8},"end":{"line":222,"column":70}},"16":{"start":{"line":223,"column":8},"end":{"line":223,"column":33}},"17":{"start":{"line":224,"column":8},"end":{"line":224,"column":33}},"18":{"start":{"line":226,"column":8},"end":{"line":226,"column":6762}},"19":{"start":{"line":227,"column":12},"end":{"line":227,"column":6826}},"20":{"start":{"line":234,"column":8},"end":{"line":234,"column":58}},"21":{"start":{"line":245,"column":8},"end":{"line":245,"column":89}},"22":{"start":{"line":263,"column":8},"end":{"line":263,"column":73}},"23":{"start":{"line":264,"column":8},"end":{"line":264,"column":65}},"24":{"start":{"line":275,"column":8},"end":{"line":275,"column":8511}},"25":{"start":{"line":295,"column":8},"end":{"line":295,"column":76}},"26":{"start":{"line":304,"column":8},"end":{"line":304,"column":41}},"27":{"start":{"line":313,"column":8},"end":{"line":313,"column":37}},"28":{"start":{"line":322,"column":8},"end":{"line":322,"column":63}},"29":{"start":{"line":323,"column":8},"end":{"line":323,"column":10135}},"30":{"start":{"line":334,"column":8},"end":{"line":334,"column":44}},"31":{"start":{"line":365,"column":8},"end":{"line":365,"column":15}},"32":{"start":{"line":372,"column":8},"end":{"line":372,"column":17}}},"branchMap":{"1":{"line":83,"type":"if","locations":[{"start":{"line":83,"column":8},"end":{"line":83,"column":8}},{"start":{"line":83,"column":8},"end":{"line":83,"column":8}}]},"2":{"line":88,"type":"if","locations":[{"start":{"line":88,"column":8},"end":{"line":88,"column":8}},{"start":{"line":88,"column":8},"end":{"line":88,"column":8}}]},"3":{"line":176,"type":"if","locations":[{"start":{"line":176,"column":15},"end":{"line":176,"column":15}},{"start":{"line":176,"column":15},"end":{"line":176,"column":15}}]},"4":{"line":176,"type":"if","locations":[{"start":{"line":176,"column":26},"end":{"line":176,"column":26}},{"start":{"line":176,"column":26},"end":{"line":176,"column":26}}]},"5":{"line":177,"type":"if","locations":[{"start":{"line":177,"column":8},"end":{"line":177,"column":8}},{"start":{"line":177,"column":8},"end":{"line":177,"column":8}}]},"6":{"line":180,"type":"if","locations":[{"start":{"line":180,"column":8},"end":{"line":180,"column":8}},{"start":{"line":180,"column":8},"end":{"line":180,"column":8}}]},"7":{"line":186,"type":"if","locations":[{"start":{"line":186,"column":8},"end":{"line":186,"column":8}},{"start":{"line":186,"column":8},"end":{"line":186,"column":8}}]},"8":{"line":186,"type":"cond-expr","locations":[{"start":{"line":186,"column":12},"end":{"line":186,"column":41}},{"start":{"line":186,"column":46},"end":{"line":186,"column":75}}]},"9":{"line":192,"type":"if","locations":[{"start":{"line":192,"column":8},"end":{"line":192,"column":8}},{"start":{"line":192,"column":8},"end":{"line":192,"column":8}}]},"10":{"line":198,"type":"if","locations":[{"start":{"line":198,"column":8},"end":{"line":198,"column":8}},{"start":{"line":198,"column":8},"end":{"line":198,"column":8}}]},"11":{"line":227,"type":"if","locations":[{"start":{"line":227,"column":12},"end":{"line":227,"column":12}},{"start":{"line":227,"column":12},"end":{"line":227,"column":12}}]},"12":{"line":262,"type":"if","locations":[{"start":{"line":262,"column":15},"end":{"line":262,"column":15}},{"start":{"line":262,"column":15},"end":{"line":262,"column":15}}]},"13":{"line":262,"type":"if","locations":[{"start":{"line":262,"column":25},"end":{"line":262,"column":25}},{"start":{"line":262,"column":25},"end":{"line":262,"column":25}}]},"14":{"line":263,"type":"if","locations":[{"start":{"line":263,"column":8},"end":{"line":263,"column":8}},{"start":{"line":263,"column":8},"end":{"line":263,"column":8}}]},"15":{"line":264,"type":"if","locations":[{"start":{"line":264,"column":8},"end":{"line":264,"column":8}},{"start":{"line":264,"column":8},"end":{"line":264,"column":8}}]},"16":{"line":292,"type":"if","locations":[{"start":{"line":292,"column":15},"end":{"line":292,"column":15}},{"start":{"line":292,"column":15},"end":{"line":292,"column":15}}]},"17":{"line":292,"type":"if","locations":[{"start":{"line":292,"column":25},"end":{"line":292,"column":25}},{"start":{"line":292,"column":25},"end":{"line":292,"column":25}}]},"18":{"line":341,"type":"if","locations":[{"start":{"line":341,"column":73},"end":{"line":341,"column":73}},{"start":{"line":341,"column":73},"end":{"line":341,"column":73}}]},"19":{"line":349,"type":"if","locations":[{"start":{"line":349,"column":67},"end":{"line":349,"column":67}},{"start":{"line":349,"column":67},"end":{"line":349,"column":67}}]},"20":{"line":357,"type":"if","locations":[{"start":{"line":357,"column":69},"end":{"line":357,"column":69}},{"start":{"line":357,"column":69},"end":{"line":357,"column":69}}]},"21":{"line":364,"type":"if","locations":[{"start":{"line":364,"column":30},"end":{"line":364,"column":30}},{"start":{"line":364,"column":30},"end":{"line":364,"column":30}}]},"22":{"line":371,"type":"if","locations":[{"start":{"line":371,"column":32},"end":{"line":371,"column":32}},{"start":{"line":371,"column":32},"end":{"line":371,"column":32}}]}}},"contracts\\EMOTIToken.sol":{"l":{"29":0,"30":0,"34":10,"42":2,"43":2,"52":2,"53":1,"54":1,"62":1,"63":1,"70":1,"77":1},"path":"E:\\next\\emotilink-os\\contracts\\EMOTIToken.sol","s":{"1":0,"2":10,"3":2,"4":2,"5":1,"6":1,"7":1,"8":1,"9":1,"10":1},"b":{"1":[0,0],"2":[2,1],"3":[2,0],"4":[2,0],"5":[1,1],"6":[1,1],"7":[1,0]},"f":{"1":0,"2":10,"3":2,"4":2,"5":1,"6":1,"7":1},"fnMap":{"1":{"name":"onlyOracle","line":28,"loc":{"start":{"line":28,"column":4},"end":{"line":31,"column":4}}},"2":{"name":"constructor","line":33,"loc":{"start":{"line":33,"column":4},"end":{"line":35,"column":4}}},"3":{"name":"setOracle","line":41,"loc":{"start":{"line":41,"column":4},"end":{"line":44,"column":4}}},"4":{"name":"mint","line":51,"loc":{"start":{"line":51,"column":4},"end":{"line":55,"column":4}}},"5":{"name":"burn","line":61,"loc":{"start":{"line":61,"column":4},"end":{"line":64,"column":4}}},"6":{"name":"pause","line":69,"loc":{"start":{"line":69,"column":4},"end":{"line":71,"column":4}}},"7":{"name":"unpause","line":76,"loc":{"start":{"line":76,"column":4},"end":{"line":78,"column":4}}}},"statementMap":{"1":{"start":{"line":29,"column":8},"end":{"line":29,"column":81}},"2":{"start":{"line":34,"column":8},"end":{"line":34,"column":40}},"3":{"start":{"line":42,"column":8},"end":{"line":42,"column":63}},"4":{"start":{"line":52,"column":8},"end":{"line":52,"column":79}},"5":{"start":{"line":53,"column":8},"end":{"line":53,"column":26}},"6":{"start":{"line":54,"column":8},"end":{"line":54,"column":39}},"7":{"start":{"line":62,"column":8},"end":{"line":62,"column":26}},"8":{"start":{"line":63,"column":8},"end":{"line":63,"column":46}},"9":{"start":{"line":70,"column":8},"end":{"line":70,"column":15}},"10":{"start":{"line":77,"column":8},"end":{"line":77,"column":17}}},"branchMap":{"1":{"line":29,"type":"if","locations":[{"start":{"line":29,"column":8},"end":{"line":29,"column":8}},{"start":{"line":29,"column":8},"end":{"line":29,"column":8}}]},"2":{"line":41,"type":"if","locations":[{"start":{"line":41,"column":49},"end":{"line":41,"column":49}},{"start":{"line":41,"column":49},"end":{"line":41,"column":49}}]},"3":{"line":42,"type":"if","locations":[{"start":{"line":42,"column":8},"end":{"line":42,"column":8}},{"start":{"line":42,"column":8},"end":{"line":42,"column":8}}]},"4":{"line":51,"type":"if","locations":[{"start":{"line":51,"column":57},"end":{"line":51,"column":57}},{"start":{"line":51,"column":57},"end":{"line":51,"column":57}}]},"5":{"line":52,"type":"if","locations":[{"start":{"line":52,"column":8},"end":{"line":52,"column":8}},{"start":{"line":52,"column":8},"end":{"line":52,"column":8}}]},"6":{"line":69,"type":"if","locations":[{"start":{"line":69,"column":30},"end":{"line":69,"column":30}},{"start":{"line":69,"column":30},"end":{"line":69,"column":30}}]},"7":{"line":76,"type":"if","locations":[{"start":{"line":76,"column":32},"end":{"line":76,"column":32}},{"start":{"line":76,"column":32},"end":{"line":76,"column":32}}]}}}}